{"name": "Переход в профиль по нажатию на надпись \"Профиль\"", "status": "broken", "statusDetails": {"message": "selenium.common.exceptions.ElementClickInterceptedException: Message: Element <button class=\"button_button__33qZ0 button_button_type_primary__1O7Bx button_button_size_medium__3zxIa\"> is not clickable at point (636,548) because another element <div class=\"Modal_modal_overlay__x2ZCr\"> obscures it\nStacktrace:\nRemoteError@chrome://remote/content/shared/RemoteError.sys.mjs:8:8\nWebDriverError@chrome://remote/content/shared/webdriver/Errors.sys.mjs:193:5\nElementClickInterceptedError@chrome://remote/content/shared/webdriver/Errors.sys.mjs:337:5\nwebdriverClickElement@chrome://remote/content/marionette/interaction.sys.mjs:177:11\ninteraction.clickElement@chrome://remote/content/marionette/interaction.sys.mjs:136:11\nclickElement@chrome://remote/content/marionette/actors/MarionetteCommandsChild.sys.mjs:205:29\nreceiveMessage@chrome://remote/content/marionette/actors/MarionetteCommandsChild.sys.mjs:85:31", "trace": "self = <tests.test_profile.TestProfile object at 0x000001F14832B5F0>, registered_user = {'email': 'k5dkuwwsaisjym@ya.ru', 'name': 'k5dkuwwsaisjym', 'password': 'vqyiqzjifs'}\nrequest = <FixtureRequest for <Function test_click_on_profile_link_user_authorized[firefox_driver]>>, br_driver = 'firefox_driver'\n\n    @allure.title('Переход в профиль по нажатию на надпись \"Профиль\"')\n    @allure.description('Зарегестрированный пользователь авторизован и находится на главной странице. '\n                        'По клику на надпись Профиль пользователь переходит на страницу профиля')\n    @pytest.mark.parametrize('br_driver',\n                             ['chrome_driver', 'firefox_driver'])\n    def test_click_on_profile_link_user_authorized(self, registered_user, request, br_driver):\n        driver = request.getfixturevalue(br_driver)\n        profile_page = ProfilePage(driver)\n        login_page = LoginPage(driver)\n        headers_page = HeadersPage(driver)\n    \n        login_page.open_login_page()\n>       login_page.login(registered_user)\n\ntests\\test_profile.py:24: \n_ _ _ _ _ _ _ _ _ _ _ _ _ _ _ _ _ _ _ _ _ _ _ _ _ _ _ _ _ _ _ _ _ _ _ _ _ _ _ _ _ _ _ _ _ _ _ _ _ _ _ _ _ _ _ _ _ _ _ _ _ _ _ _ _ _ _ _ _ _ _ _ _ _ _ _ _ _ _ _ _ _ _ _ _ _ _ _ _ _ _ _ _ _ _ _ _ _ _ _ _ _ _ _ _ _ _ _ _ _ _ _ _ _ _ _\npage_object\\pages\\login_page.py:20: in login\n    self.click_on_element(LoginPageLocators.LOGIN_FORM_LOGIN_BUTTON)\npage_object\\pages\\base_page.py:29: in click_on_element\n    element.click()\n..\\..\\AppData\\Local\\Programs\\Python\\Python312\\Lib\\site-packages\\selenium\\webdriver\\remote\\webelement.py:94: in click\n    self._execute(Command.CLICK_ELEMENT)\n..\\..\\AppData\\Local\\Programs\\Python\\Python312\\Lib\\site-packages\\selenium\\webdriver\\remote\\webelement.py:395: in _execute\n    return self._parent.execute(command, params)\n..\\..\\AppData\\Local\\Programs\\Python\\Python312\\Lib\\site-packages\\selenium\\webdriver\\remote\\webdriver.py:354: in execute\n    self.error_handler.check_response(response)\n_ _ _ _ _ _ _ _ _ _ _ _ _ _ _ _ _ _ _ _ _ _ _ _ _ _ _ _ _ _ _ _ _ _ _ _ _ _ _ _ _ _ _ _ _ _ _ _ _ _ _ _ _ _ _ _ _ _ _ _ _ _ _ _ _ _ _ _ _ _ _ _ _ _ _ _ _ _ _ _ _ _ _ _ _ _ _ _ _ _ _ _ _ _ _ _ _ _ _ _ _ _ _ _ _ _ _ _ _ _ _ _ _ _ _ _\n\nself = <selenium.webdriver.remote.errorhandler.ErrorHandler object at 0x000001F1484D6D20>\nresponse = {'status': 400, 'value': '{\"value\":{\"error\":\"element click intercepted\",\"message\":\"Element <button class=\\\\\"button_but...sys.mjs:205:29\\\\nreceiveMessage@chrome://remote/content/marionette/actors/MarionetteCommandsChild.sys.mjs:85:31\\\\n\"}}'}\n\n    def check_response(self, response: Dict[str, Any]) -> None:\n        \"\"\"Checks that a JSON response from the WebDriver does not have an\n        error.\n    \n        :Args:\n         - response - The JSON response from the WebDriver server as a dictionary\n           object.\n    \n        :Raises: If the response contains an error message.\n        \"\"\"\n        status = response.get(\"status\", None)\n        if not status or status == ErrorCode.SUCCESS:\n            return\n        value = None\n        message = response.get(\"message\", \"\")\n        screen: str = response.get(\"screen\", \"\")\n        stacktrace = None\n        if isinstance(status, int):\n            value_json = response.get(\"value\", None)\n            if value_json and isinstance(value_json, str):\n                import json\n    \n                try:\n                    value = json.loads(value_json)\n                    if len(value) == 1:\n                        value = value[\"value\"]\n                    status = value.get(\"error\", None)\n                    if not status:\n                        status = value.get(\"status\", ErrorCode.UNKNOWN_ERROR)\n                        message = value.get(\"value\") or value.get(\"message\")\n                        if not isinstance(message, str):\n                            value = message\n                            message = message.get(\"message\")\n                    else:\n                        message = value.get(\"message\", None)\n                except ValueError:\n                    pass\n    \n        exception_class: Type[WebDriverException]\n        e = ErrorCode()\n        error_codes = [item for item in dir(e) if not item.startswith(\"__\")]\n        for error_code in error_codes:\n            error_info = getattr(ErrorCode, error_code)\n            if isinstance(error_info, list) and status in error_info:\n                exception_class = getattr(ExceptionMapping, error_code, WebDriverException)\n                break\n        else:\n            exception_class = WebDriverException\n    \n        if not value:\n            value = response[\"value\"]\n        if isinstance(value, str):\n            raise exception_class(value)\n        if message == \"\" and \"message\" in value:\n            message = value[\"message\"]\n    \n        screen = None  # type: ignore[assignment]\n        if \"screen\" in value:\n            screen = value[\"screen\"]\n    \n        stacktrace = None\n        st_value = value.get(\"stackTrace\") or value.get(\"stacktrace\")\n        if st_value:\n            if isinstance(st_value, str):\n                stacktrace = st_value.split(\"\\n\")\n            else:\n                stacktrace = []\n                try:\n                    for frame in st_value:\n                        line = frame.get(\"lineNumber\", \"\")\n                        file = frame.get(\"fileName\", \"<anonymous>\")\n                        if line:\n                            file = f\"{file}:{line}\"\n                        meth = frame.get(\"methodName\", \"<anonymous>\")\n                        if \"className\" in frame:\n                            meth = f\"{frame['className']}.{meth}\"\n                        msg = \"    at %s (%s)\"\n                        msg = msg % (meth, file)\n                        stacktrace.append(msg)\n                except TypeError:\n                    pass\n        if exception_class == UnexpectedAlertPresentException:\n            alert_text = None\n            if \"data\" in value:\n                alert_text = value[\"data\"].get(\"text\")\n            elif \"alert\" in value:\n                alert_text = value[\"alert\"].get(\"text\")\n            raise exception_class(message, screen, stacktrace, alert_text)  # type: ignore[call-arg]  # mypy is not smart enough here\n>       raise exception_class(message, screen, stacktrace)\nE       selenium.common.exceptions.ElementClickInterceptedException: Message: Element <button class=\"button_button__33qZ0 button_button_type_primary__1O7Bx button_button_size_medium__3zxIa\"> is not clickable at point (636,548) because another element <div class=\"Modal_modal_overlay__x2ZCr\"> obscures it\nE       Stacktrace:\nE       RemoteError@chrome://remote/content/shared/RemoteError.sys.mjs:8:8\nE       WebDriverError@chrome://remote/content/shared/webdriver/Errors.sys.mjs:193:5\nE       ElementClickInterceptedError@chrome://remote/content/shared/webdriver/Errors.sys.mjs:337:5\nE       webdriverClickElement@chrome://remote/content/marionette/interaction.sys.mjs:177:11\nE       interaction.clickElement@chrome://remote/content/marionette/interaction.sys.mjs:136:11\nE       clickElement@chrome://remote/content/marionette/actors/MarionetteCommandsChild.sys.mjs:205:29\nE       receiveMessage@chrome://remote/content/marionette/actors/MarionetteCommandsChild.sys.mjs:85:31\n\n..\\..\\AppData\\Local\\Programs\\Python\\Python312\\Lib\\site-packages\\selenium\\webdriver\\remote\\errorhandler.py:229: ElementClickInterceptedException"}, "description": "Зарегестрированный пользователь авторизован и находится на главной странице. По клику на надпись Профиль пользователь переходит на страницу профиля", "steps": [{"name": "Открыть страницу Логина", "status": "passed", "steps": [{"name": "Открыть страницу кликнув на элемент", "status": "passed", "steps": [{"name": "Перейти на страницу", "status": "passed", "parameters": [{"name": "url", "value": "'https://stellarburgers.nomoreparties.site/login'"}], "start": 1719432780385, "stop": 1719432781859}, {"name": "Подождать пока появится елемент", "status": "passed", "parameters": [{"name": "locator", "value": "('xpath', \".//button[contains(text(),'Войти')]\")"}], "start": 1719432781859, "stop": 1719432781882}, {"name": "Подождать", "status": "passed", "start": 1719432781882, "stop": 1719432781882}], "parameters": [{"name": "locator", "value": "('xpath', \".//button[contains(text(),'Войти')]\")"}, {"name": "page_url", "value": "'https://stellarburgers.nomoreparties.site/login'"}], "start": 1719432780385, "stop": 1719432781882}], "start": 1719432780384, "stop": 1719432781882}, {"name": "Вход в систему под существующим пользователем", "status": "broken", "statusDetails": {"message": "selenium.common.exceptions.ElementClickInterceptedException: Message: Element <button class=\"button_button__33qZ0 button_button_type_primary__1O7Bx button_button_size_medium__3zxIa\"> is not clickable at point (636,548) because another element <div class=\"Modal_modal_overlay__x2ZCr\"> obscures it\nStacktrace:\nRemoteError@chrome://remote/content/shared/RemoteError.sys.mjs:8:8\nWebDriverError@chrome://remote/content/shared/webdriver/Errors.sys.mjs:193:5\nElementClickInterceptedError@chrome://remote/content/shared/webdriver/Errors.sys.mjs:337:5\nwebdriverClickElement@chrome://remote/content/marionette/interaction.sys.mjs:177:11\ninteraction.clickElement@chrome://remote/content/marionette/interaction.sys.mjs:136:11\nclickElement@chrome://remote/content/marionette/actors/MarionetteCommandsChild.sys.mjs:205:29\nreceiveMessage@chrome://remote/content/marionette/actors/MarionetteCommandsChild.sys.mjs:85:31\n\n", "trace": "  File \"C:\\Users\\Ling\\AppData\\Local\\Programs\\Python\\Python312\\Lib\\site-packages\\allure_commons\\_allure.py\", line 192, in impl\n    return func(*a, **kw)\n           ^^^^^^^^^^^^^^\n  File \"C:\\Users\\Ling\\PycharmProjects\\Diplom_3\\page_object\\pages\\login_page.py\", line 20, in login\n    self.click_on_element(LoginPageLocators.LOGIN_FORM_LOGIN_BUTTON)\n  File \"C:\\Users\\Ling\\AppData\\Local\\Programs\\Python\\Python312\\Lib\\site-packages\\allure_commons\\_allure.py\", line 192, in impl\n    return func(*a, **kw)\n           ^^^^^^^^^^^^^^\n  File \"C:\\Users\\Ling\\PycharmProjects\\Diplom_3\\page_object\\pages\\base_page.py\", line 29, in click_on_element\n    element.click()\n  File \"C:\\Users\\Ling\\AppData\\Local\\Programs\\Python\\Python312\\Lib\\site-packages\\selenium\\webdriver\\remote\\webelement.py\", line 94, in click\n    self._execute(Command.CLICK_ELEMENT)\n  File \"C:\\Users\\Ling\\AppData\\Local\\Programs\\Python\\Python312\\Lib\\site-packages\\selenium\\webdriver\\remote\\webelement.py\", line 395, in _execute\n    return self._parent.execute(command, params)\n           ^^^^^^^^^^^^^^^^^^^^^^^^^^^^^^^^^^^^^\n  File \"C:\\Users\\Ling\\AppData\\Local\\Programs\\Python\\Python312\\Lib\\site-packages\\selenium\\webdriver\\remote\\webdriver.py\", line 354, in execute\n    self.error_handler.check_response(response)\n  File \"C:\\Users\\Ling\\AppData\\Local\\Programs\\Python\\Python312\\Lib\\site-packages\\selenium\\webdriver\\remote\\errorhandler.py\", line 229, in check_response\n    raise exception_class(message, screen, stacktrace)\n"}, "steps": [{"name": "Открыть страницу Логина", "status": "passed", "steps": [{"name": "Открыть страницу кликнув на элемент", "status": "passed", "steps": [{"name": "Перейти на страницу", "status": "passed", "parameters": [{"name": "url", "value": "'https://stellarburgers.nomoreparties.site/login'"}], "start": 1719432781883, "stop": 1719432781997}, {"name": "Подождать пока появится елемент", "status": "passed", "parameters": [{"name": "locator", "value": "('xpath', \".//button[contains(text(),'Войти')]\")"}], "start": 1719432781997, "stop": 1719432782013}, {"name": "Подождать", "status": "passed", "start": 1719432782013, "stop": 1719432782013}], "parameters": [{"name": "locator", "value": "('xpath', \".//button[contains(text(),'Войти')]\")"}, {"name": "page_url", "value": "'https://stellarburgers.nomoreparties.site/login'"}], "start": 1719432781882, "stop": 1719432782013}], "start": 1719432781882, "stop": 1719432782013}, {"name": "Ввести текст", "status": "passed", "steps": [{"name": "Подождать", "status": "passed", "start": 1719432782091, "stop": 1719432782091}], "parameters": [{"name": "locator", "value": "('xpath', \".//input[(@name='name')]\")"}, {"name": "text", "value": "'k5dkuwwsaisjym@ya.ru'"}], "start": 1719432782013, "stop": 1719432782091}, {"name": "Ввести текст", "status": "passed", "steps": [{"name": "Подождать", "status": "passed", "start": 1719432782163, "stop": 1719432782163}], "parameters": [{"name": "locator", "value": "('xpath', \".//input[(@type='password')]\")"}, {"name": "text", "value": "'vqyiqzjifs'"}], "start": 1719432782091, "stop": 1719432782163}, {"name": "Кликнуть на элемент", "status": "broken", "statusDetails": {"message": "selenium.common.exceptions.ElementClickInterceptedException: Message: Element <button class=\"button_button__33qZ0 button_button_type_primary__1O7Bx button_button_size_medium__3zxIa\"> is not clickable at point (636,548) because another element <div class=\"Modal_modal_overlay__x2ZCr\"> obscures it\nStacktrace:\nRemoteError@chrome://remote/content/shared/RemoteError.sys.mjs:8:8\nWebDriverError@chrome://remote/content/shared/webdriver/Errors.sys.mjs:193:5\nElementClickInterceptedError@chrome://remote/content/shared/webdriver/Errors.sys.mjs:337:5\nwebdriverClickElement@chrome://remote/content/marionette/interaction.sys.mjs:177:11\ninteraction.clickElement@chrome://remote/content/marionette/interaction.sys.mjs:136:11\nclickElement@chrome://remote/content/marionette/actors/MarionetteCommandsChild.sys.mjs:205:29\nreceiveMessage@chrome://remote/content/marionette/actors/MarionetteCommandsChild.sys.mjs:85:31\n\n", "trace": "  File \"C:\\Users\\Ling\\AppData\\Local\\Programs\\Python\\Python312\\Lib\\site-packages\\allure_commons\\_allure.py\", line 192, in impl\n    return func(*a, **kw)\n           ^^^^^^^^^^^^^^\n  File \"C:\\Users\\Ling\\PycharmProjects\\Diplom_3\\page_object\\pages\\base_page.py\", line 29, in click_on_element\n    element.click()\n  File \"C:\\Users\\Ling\\AppData\\Local\\Programs\\Python\\Python312\\Lib\\site-packages\\selenium\\webdriver\\remote\\webelement.py\", line 94, in click\n    self._execute(Command.CLICK_ELEMENT)\n  File \"C:\\Users\\Ling\\AppData\\Local\\Programs\\Python\\Python312\\Lib\\site-packages\\selenium\\webdriver\\remote\\webelement.py\", line 395, in _execute\n    return self._parent.execute(command, params)\n           ^^^^^^^^^^^^^^^^^^^^^^^^^^^^^^^^^^^^^\n  File \"C:\\Users\\Ling\\AppData\\Local\\Programs\\Python\\Python312\\Lib\\site-packages\\selenium\\webdriver\\remote\\webdriver.py\", line 354, in execute\n    self.error_handler.check_response(response)\n  File \"C:\\Users\\Ling\\AppData\\Local\\Programs\\Python\\Python312\\Lib\\site-packages\\selenium\\webdriver\\remote\\errorhandler.py\", line 229, in check_response\n    raise exception_class(message, screen, stacktrace)\n"}, "steps": [{"name": "Найти элемент с ожиданием", "status": "passed", "steps": [{"name": "Подождать пока появится елемент", "status": "passed", "parameters": [{"name": "locator", "value": "('xpath', \".//button[contains(text(),'Войти')]\")"}], "start": 1719432782163, "stop": 1719432782177}], "parameters": [{"name": "locator", "value": "('xpath', \".//button[contains(text(),'Войти')]\")"}], "start": 1719432782163, "stop": 1719432782180}], "parameters": [{"name": "locator", "value": "('xpath', \".//button[contains(text(),'Войти')]\")"}], "start": 1719432782163, "stop": 1719432782187}], "parameters": [{"name": "user", "value": "{'email': 'k5dkuwwsaisjym@ya.ru', 'password': 'vqyiqzjifs', 'name': 'k5dkuwwsaisjym'}"}], "start": 1719432781882, "stop": 1719432782188}], "parameters": [{"name": "br_driver", "value": "'firefox_driver'"}], "start": 1719432773698, "stop": 1719432782190, "uuid": "26bed58b-7267-404d-9d7f-c8d00e17eea1", "historyId": "2ec73b108142d0b71d8aa6fe71f07412", "testCaseId": "a87c1058a0bc0e73812a4a4d47de432d", "fullName": "tests.test_profile.TestProfile#test_click_on_profile_link_user_authorized", "labels": [{"name": "parentSuite", "value": "tests"}, {"name": "suite", "value": "test_profile"}, {"name": "subSuite", "value": "TestProfile"}, {"name": "host", "value": "DESKTOP-N0HG7C2"}, {"name": "thread", "value": "15560-MainThread"}, {"name": "framework", "value": "pytest"}, {"name": "language", "value": "cpython3"}, {"name": "package", "value": "tests.test_profile"}]}